<?xml version="1.0" encoding="UTF-8"?>
<testsuite xmlns:xsi="http://www.w3.org/2001/XMLSchema-instance" xsi:noNamespaceSchemaLocation="https://maven.apache.org/surefire/maven-surefire-plugin/xsd/surefire-test-report.xsd" version="3.0.2" name="com.tyler.restaurant.inventory.RestaurantInventoryApplicationTests" time="2.684" tests="1" errors="0" skipped="0" failures="0">
  <properties>
[...]
</properties>
  <testcase name="contextLoads" classname="com.tyler.restaurant.inventory.RestaurantInventoryApplicationTests" time="0.276">
    <system-out><![CDATA[01:04:56.338 [main] INFO org.springframework.test.context.support.AnnotationConfigContextLoaderUtils -- Could not detect default configuration classes for test class [com.tyler.restaurant.inventory.RestaurantInventoryApplicationTests]: RestaurantInventoryApplicationTests does not declare any static, non-private, non-final, nested classes annotated with @Configuration.
01:04:56.398 [main] INFO org.springframework.boot.test.context.SpringBootTestContextBootstrapper -- Found @SpringBootConfiguration com.tyler.restaurant.inventory.RestaurantInventoryApplication for test class com.tyler.restaurant.inventory.RestaurantInventoryApplicationTests

  .   ____          _            __ _ _
 /\\ / ___'_ __ _ _(_)_ __  __ _ \ \ \ \
( ( )\___ | '_ | '_| | '_ \/ _` | \ \ \ \
 \\/  ___)| |_)| | | | | || (_| |  ) ) ) )
  '  |____| .__|_| |_|_| |_\__, | / / / /
 =========|_|==============|___/=/_/_/_/

 :: Spring Boot ::                (v3.4.0)

2024-12-10T01:04:56.552-05:00  INFO 85883 --- [Restaurant Inventory] [           main] .r.i.RestaurantInventoryApplicationTests : Starting RestaurantInventoryApplicationTests using Java 23.0.1 with PID 85883 (started by tylerantonaras in /Users/tylerantonaras/Desktop/Databases Project/restaurant-inventory)
2024-12-10T01:04:56.552-05:00 DEBUG 85883 --- [Restaurant Inventory] [           main] .r.i.RestaurantInventoryApplicationTests : Running with Spring Boot v3.4.0, Spring v6.2.0
2024-12-10T01:04:56.552-05:00  INFO 85883 --- [Restaurant Inventory] [           main] .r.i.RestaurantInventoryApplicationTests : No active profile set, falling back to 1 default profile: "default"
2024-12-10T01:04:56.801-05:00  INFO 85883 --- [Restaurant Inventory] [           main] .s.d.r.c.RepositoryConfigurationDelegate : Bootstrapping Spring Data JPA repositories in DEFAULT mode.
2024-12-10T01:04:56.824-05:00  INFO 85883 --- [Restaurant Inventory] [           main] .s.d.r.c.RepositoryConfigurationDelegate : Finished Spring Data repository scanning in 19 ms. Found 6 JPA repository interfaces.
2024-12-10T01:04:57.002-05:00  INFO 85883 --- [Restaurant Inventory] [           main] o.hibernate.jpa.internal.util.LogHelper  : HHH000204: Processing PersistenceUnitInfo [name: default]
2024-12-10T01:04:57.026-05:00  INFO 85883 --- [Restaurant Inventory] [           main] org.hibernate.Version                    : HHH000412: Hibernate ORM core version 6.6.2.Final
2024-12-10T01:04:57.039-05:00  INFO 85883 --- [Restaurant Inventory] [           main] o.h.c.internal.RegionFactoryInitiator    : HHH000026: Second-level cache disabled
2024-12-10T01:04:57.159-05:00  INFO 85883 --- [Restaurant Inventory] [           main] o.s.o.j.p.SpringPersistenceUnitInfo      : No LoadTimeWeaver setup: ignoring JPA class transformer
2024-12-10T01:04:57.170-05:00  INFO 85883 --- [Restaurant Inventory] [           main] com.zaxxer.hikari.HikariDataSource       : HikariPool-1 - Starting...
2024-12-10T01:04:57.356-05:00  INFO 85883 --- [Restaurant Inventory] [           main] com.zaxxer.hikari.pool.HikariPool        : HikariPool-1 - Added connection com.mysql.cj.jdbc.ConnectionImpl@1ed9d173
2024-12-10T01:04:57.356-05:00  INFO 85883 --- [Restaurant Inventory] [           main] com.zaxxer.hikari.HikariDataSource       : HikariPool-1 - Start completed.
2024-12-10T01:04:57.381-05:00  WARN 85883 --- [Restaurant Inventory] [           main] org.hibernate.orm.deprecation            : HHH90000025: MySQLDialect does not need to be specified explicitly using 'hibernate.dialect' (remove the property setting and it will be selected by default)
2024-12-10T01:04:57.391-05:00  INFO 85883 --- [Restaurant Inventory] [           main] org.hibernate.orm.connections.pooling    : HHH10001005: Database info:
	Database JDBC URL [Connecting through datasource 'HikariDataSource (HikariPool-1)']
	Database driver: undefined/unknown
	Database version: 9.0.1
	Autocommit mode: undefined/unknown
	Isolation level: undefined/unknown
	Minimum pool size: undefined/unknown
	Maximum pool size: undefined/unknown
2024-12-10T01:04:57.766-05:00  INFO 85883 --- [Restaurant Inventory] [           main] o.h.e.t.j.p.i.JtaPlatformInitiator       : HHH000489: No JTA platform available (set 'hibernate.transaction.jta.platform' to enable JTA platform integration)
2024-12-10T01:04:57.771-05:00 DEBUG 85883 --- [Restaurant Inventory] [           main] org.hibernate.SQL                        : 
    alter table order_details 
       drop 
       foreign key FKsk45hltk0rmbw3qecu1n32gmx
Hibernate: 
    alter table order_details 
       drop 
       foreign key FKsk45hltk0rmbw3qecu1n32gmx
2024-12-10T01:04:57.783-05:00 DEBUG 85883 --- [Restaurant Inventory] [           main] org.hibernate.SQL                        : 
    alter table order_details 
       drop 
       foreign key FKjyu2qbqt8gnvno9oe9j2s2ldk
Hibernate: 
    alter table order_details 
       drop 
       foreign key FKjyu2qbqt8gnvno9oe9j2s2ldk
2024-12-10T01:04:57.789-05:00 DEBUG 85883 --- [Restaurant Inventory] [           main] org.hibernate.SQL                        : 
    alter table orders 
       drop 
       foreign key FK6ngm572vyx5jsvvahtgbk7jml
Hibernate: 
    alter table orders 
       drop 
       foreign key FK6ngm572vyx5jsvvahtgbk7jml
2024-12-10T01:04:57.795-05:00 DEBUG 85883 --- [Restaurant Inventory] [           main] org.hibernate.SQL                        : 
    alter table recipes 
       drop 
       foreign key FKp2d99nkbj5vqd7j48l47s55mp
Hibernate: 
    alter table recipes 
       drop 
       foreign key FKp2d99nkbj5vqd7j48l47s55mp
2024-12-10T01:04:57.812-05:00 DEBUG 85883 --- [Restaurant Inventory] [           main] org.hibernate.SQL                        : 
    alter table recipes 
       drop 
       foreign key FKe6pmr90w4ijsjqwvygw7clx5w
Hibernate: 
    alter table recipes 
       drop 
       foreign key FKe6pmr90w4ijsjqwvygw7clx5w
2024-12-10T01:04:57.817-05:00 DEBUG 85883 --- [Restaurant Inventory] [           main] org.hibernate.SQL                        : 
    drop table if exists ingredients
Hibernate: 
    drop table if exists ingredients
2024-12-10T01:04:57.822-05:00 DEBUG 85883 --- [Restaurant Inventory] [           main] org.hibernate.SQL                        : 
    drop table if exists menu_items
Hibernate: 
    drop table if exists menu_items
2024-12-10T01:04:57.826-05:00 DEBUG 85883 --- [Restaurant Inventory] [           main] org.hibernate.SQL                        : 
    drop table if exists order_details
Hibernate: 
    drop table if exists order_details
2024-12-10T01:04:57.830-05:00 DEBUG 85883 --- [Restaurant Inventory] [           main] org.hibernate.SQL                        : 
    drop table if exists orders
Hibernate: 
    drop table if exists orders
2024-12-10T01:04:57.834-05:00 DEBUG 85883 --- [Restaurant Inventory] [           main] org.hibernate.SQL                        : 
    drop table if exists recipes
Hibernate: 
    drop table if exists recipes
2024-12-10T01:04:57.838-05:00 DEBUG 85883 --- [Restaurant Inventory] [           main] org.hibernate.SQL                        : 
    drop table if exists suppliers
Hibernate: 
    drop table if exists suppliers
2024-12-10T01:04:57.846-05:00 DEBUG 85883 --- [Restaurant Inventory] [           main] org.hibernate.SQL                        : 
    create table ingredients (
        reorder_level integer,
        stock_quantity integer,
        ingredient_id bigint not null auto_increment,
        category varchar(255),
        name varchar(255) not null,
        unit_of_measure varchar(255),
        primary key (ingredient_id)
    ) engine=InnoDB
Hibernate: 
    create table ingredients (
        reorder_level integer,
        stock_quantity integer,
        ingredient_id bigint not null auto_increment,
        category varchar(255),
        name varchar(255) not null,
        unit_of_measure varchar(255),
        primary key (ingredient_id)
    ) engine=InnoDB
2024-12-10T01:04:57.852-05:00 DEBUG 85883 --- [Restaurant Inventory] [           main] org.hibernate.SQL                        : 
    create table menu_items (
        price decimal(38,2) not null,
        menu_item_id bigint not null auto_increment,
        description varchar(255),
        name varchar(255) not null,
        primary key (menu_item_id)
    ) engine=InnoDB
Hibernate: 
    create table menu_items (
        price decimal(38,2) not null,
        menu_item_id bigint not null auto_increment,
        description varchar(255),
        name varchar(255) not null,
        primary key (menu_item_id)
    ) engine=InnoDB
2024-12-10T01:04:57.857-05:00 DEBUG 85883 --- [Restaurant Inventory] [           main] org.hibernate.SQL                        : 
    create table order_details (
        quantity integer not null,
        unit_price decimal(38,2) not null,
        ingredient_id bigint not null,
        order_detail_id bigint not null auto_increment,
        order_id bigint not null,
        primary key (order_detail_id)
    ) engine=InnoDB
Hibernate: 
    create table order_details (
        quantity integer not null,
        unit_price decimal(38,2) not null,
        ingredient_id bigint not null,
        order_detail_id bigint not null auto_increment,
        order_id bigint not null,
        primary key (order_detail_id)
    ) engine=InnoDB
2024-12-10T01:04:57.863-05:00 DEBUG 85883 --- [Restaurant Inventory] [           main] org.hibernate.SQL                        : 
    create table orders (
        TotalCost decimal(38,2),
        OrderDate datetime(6),
        OrderID bigint not null auto_increment,
        SupplierID bigint,
        Status varchar(255),
        primary key (OrderID)
    ) engine=InnoDB
Hibernate: 
    create table orders (
        TotalCost decimal(38,2),
        OrderDate datetime(6),
        OrderID bigint not null auto_increment,
        SupplierID bigint,
        Status varchar(255),
        primary key (OrderID)
    ) engine=InnoDB
2024-12-10T01:04:57.870-05:00 DEBUG 85883 --- [Restaurant Inventory] [           main] org.hibernate.SQL                        : 
    create table recipes (
        quantity decimal(38,2) not null,
        ingredient_id bigint not null,
        menu_item_id bigint not null,
        recipe_id bigint not null auto_increment,
        primary key (recipe_id)
    ) engine=InnoDB
Hibernate: 
    create table recipes (
        quantity decimal(38,2) not null,
        ingredient_id bigint not null,
        menu_item_id bigint not null,
        recipe_id bigint not null auto_increment,
        primary key (recipe_id)
    ) engine=InnoDB
2024-12-10T01:04:57.875-05:00 DEBUG 85883 --- [Restaurant Inventory] [           main] org.hibernate.SQL                        : 
    create table suppliers (
        supplier_id bigint not null auto_increment,
        address varchar(255),
        contact_info varchar(255),
        email varchar(255),
        name varchar(255) not null,
        phone varchar(255),
        primary key (supplier_id)
    ) engine=InnoDB
Hibernate: 
    create table suppliers (
        supplier_id bigint not null auto_increment,
        address varchar(255),
        contact_info varchar(255),
        email varchar(255),
        name varchar(255) not null,
        phone varchar(255),
        primary key (supplier_id)
    ) engine=InnoDB
2024-12-10T01:04:57.882-05:00 DEBUG 85883 --- [Restaurant Inventory] [           main] org.hibernate.SQL                        : 
    alter table order_details 
       add constraint FKsk45hltk0rmbw3qecu1n32gmx 
       foreign key (ingredient_id) 
       references ingredients (ingredient_id)
Hibernate: 
    alter table order_details 
       add constraint FKsk45hltk0rmbw3qecu1n32gmx 
       foreign key (ingredient_id) 
       references ingredients (ingredient_id)
2024-12-10T01:04:57.899-05:00 DEBUG 85883 --- [Restaurant Inventory] [           main] org.hibernate.SQL                        : 
    alter table order_details 
       add constraint FKjyu2qbqt8gnvno9oe9j2s2ldk 
       foreign key (order_id) 
       references orders (OrderID)
Hibernate: 
    alter table order_details 
       add constraint FKjyu2qbqt8gnvno9oe9j2s2ldk 
       foreign key (order_id) 
       references orders (OrderID)
2024-12-10T01:04:57.913-05:00 DEBUG 85883 --- [Restaurant Inventory] [           main] org.hibernate.SQL                        : 
    alter table orders 
       add constraint FK6ngm572vyx5jsvvahtgbk7jml 
       foreign key (SupplierID) 
       references suppliers (supplier_id)
Hibernate: 
    alter table orders 
       add constraint FK6ngm572vyx5jsvvahtgbk7jml 
       foreign key (SupplierID) 
       references suppliers (supplier_id)
2024-12-10T01:04:57.926-05:00 DEBUG 85883 --- [Restaurant Inventory] [           main] org.hibernate.SQL                        : 
    alter table recipes 
       add constraint FKp2d99nkbj5vqd7j48l47s55mp 
       foreign key (ingredient_id) 
       references ingredients (ingredient_id)
Hibernate: 
    alter table recipes 
       add constraint FKp2d99nkbj5vqd7j48l47s55mp 
       foreign key (ingredient_id) 
       references ingredients (ingredient_id)
2024-12-10T01:04:57.933-05:00 DEBUG 85883 --- [Restaurant Inventory] [           main] org.hibernate.SQL                        : 
    alter table recipes 
       add constraint FKe6pmr90w4ijsjqwvygw7clx5w 
       foreign key (menu_item_id) 
       references menu_items (menu_item_id)
Hibernate: 
    alter table recipes 
       add constraint FKe6pmr90w4ijsjqwvygw7clx5w 
       foreign key (menu_item_id) 
       references menu_items (menu_item_id)
2024-12-10T01:04:57.942-05:00  INFO 85883 --- [Restaurant Inventory] [           main] j.LocalContainerEntityManagerFactoryBean : Initialized JPA EntityManagerFactory for persistence unit 'default'
2024-12-10T01:04:58.069-05:00  INFO 85883 --- [Restaurant Inventory] [           main] o.s.d.j.r.query.QueryEnhancerFactory     : Hibernate is in classpath; If applicable, HQL parser will be used.
2024-12-10T01:04:58.517-05:00  WARN 85883 --- [Restaurant Inventory] [           main] JpaBaseConfiguration$JpaWebConfiguration : spring.jpa.open-in-view is enabled by default. Therefore, database queries may be performed during view rendering. Explicitly configure spring.jpa.open-in-view to disable this warning
2024-12-10T01:04:58.660-05:00  INFO 85883 --- [Restaurant Inventory] [           main] .r.i.RestaurantInventoryApplicationTests : Started RestaurantInventoryApplicationTests in 2.208 seconds (process running for 2.614)
]]></system-out>
    <system-err><![CDATA[Mockito is currently self-attaching to enable the inline-mock-maker. This will no longer work in future releases of the JDK. Please add Mockito as an agent to your build what is described in Mockito's documentation: https://javadoc.io/doc/org.mockito/mockito-core/latest/org/mockito/Mockito.html#0.3
WARNING: A Java agent has been loaded dynamically (/Users/tylerantonaras/.m2/repository/net/bytebuddy/byte-buddy-agent/1.15.10/byte-buddy-agent-1.15.10.jar)
WARNING: If a serviceability tool is in use, please run with -XX:+EnableDynamicAgentLoading to hide this warning
WARNING: If a serviceability tool is not in use, please run with -Djdk.instrument.traceUsage for more information
WARNING: Dynamic loading of agents will be disallowed by default in a future release
]]></system-err>
  </testcase>
</testsuite>